{"C:\\Users\\HP\\IdeaProjects\\Redux-Start_Backend and_FrontEnd\\redux-starter\\redux-starter\\src\\math.js": {"path":"C:\\Users\\HP\\IdeaProjects\\Redux-Start_Backend and_FrontEnd\\redux-starter\\redux-starter\\src\\math.js","statementMap":{"0":{"start":{"line":1,"column":22},"end":{"line":1,"column":47}},"1":{"start":{"line":1,"column":31},"end":{"line":1,"column":47}}},"fnMap":{"0":{"name":"(anonymous_0)","decl":{"start":{"line":1,"column":22},"end":{"line":1,"column":23}},"loc":{"start":{"line":1,"column":31},"end":{"line":1,"column":47}},"line":1}},"branchMap":{},"s":{"0":1,"1":2},"f":{"0":2},"b":{},"_coverageSchema":"1a1c01bbd47fc00a2c39e90264f33305004495a9","hash":"2fb9a936a2b15e5d11ce7f875e62672955a0910c"}
,"C:\\Users\\HP\\IdeaProjects\\Redux-Start_Backend and_FrontEnd\\redux-starter\\redux-starter\\src\\store\\api.js": {"path":"C:\\Users\\HP\\IdeaProjects\\Redux-Start_Backend and_FrontEnd\\redux-starter\\redux-starter\\src\\store\\api.js","statementMap":{"0":{"start":{"line":3,"column":27},"end":{"line":3,"column":56}},"1":{"start":{"line":4,"column":30},"end":{"line":4,"column":61}},"2":{"start":{"line":5,"column":29},"end":{"line":5,"column":59}}},"fnMap":{},"branchMap":{},"s":{"0":1,"1":1,"2":1},"f":{},"b":{},"_coverageSchema":"1a1c01bbd47fc00a2c39e90264f33305004495a9","hash":"d5d8a452db32605ebcdc20d1ddb2cb05ff3e544e"}
,"C:\\Users\\HP\\IdeaProjects\\Redux-Start_Backend and_FrontEnd\\redux-starter\\redux-starter\\src\\store\\bugs.js": {"path":"C:\\Users\\HP\\IdeaProjects\\Redux-Start_Backend and_FrontEnd\\redux-starter\\redux-starter\\src\\store\\bugs.js","statementMap":{"0":{"start":{"line":6,"column":14},"end":{"line":45,"column":2}},"1":{"start":{"line":15,"column":6},"end":{"line":15,"column":26}},"2":{"start":{"line":19,"column":6},"end":{"line":19,"column":33}},"3":{"start":{"line":20,"column":6},"end":{"line":20,"column":27}},"4":{"start":{"line":21,"column":6},"end":{"line":21,"column":34}},"5":{"start":{"line":25,"column":6},"end":{"line":25,"column":27}},"6":{"start":{"line":29,"column":36},"end":{"line":29,"column":50}},"7":{"start":{"line":30,"column":20},"end":{"line":30,"column":64}},"8":{"start":{"line":30,"column":47},"end":{"line":30,"column":63}},"9":{"start":{"line":31,"column":6},"end":{"line":31,"column":39}},"10":{"start":{"line":36,"column":6},"end":{"line":36,"column":37}},"11":{"start":{"line":41,"column":20},"end":{"line":41,"column":76}},"12":{"start":{"line":41,"column":47},"end":{"line":41,"column":75}},"13":{"start":{"line":42,"column":6},"end":{"line":42,"column":39}},"14":{"start":{"line":54,"column":4},"end":{"line":54,"column":17}},"15":{"start":{"line":58,"column":12},"end":{"line":58,"column":19}},"16":{"start":{"line":60,"column":24},"end":{"line":74,"column":1}},"17":{"start":{"line":60,"column":30},"end":{"line":74,"column":1}},"18":{"start":{"line":61,"column":24},"end":{"line":61,"column":48}},"19":{"start":{"line":63,"column":24},"end":{"line":63,"column":67}},"20":{"start":{"line":64,"column":2},"end":{"line":64,"column":33}},"21":{"start":{"line":64,"column":26},"end":{"line":64,"column":33}},"22":{"start":{"line":66,"column":2},"end":{"line":73,"column":4}},"23":{"start":{"line":76,"column":22},"end":{"line":82,"column":4}},"24":{"start":{"line":77,"column":2},"end":{"line":82,"column":4}},"25":{"start":{"line":84,"column":26},"end":{"line":91,"column":4}},"26":{"start":{"line":85,"column":2},"end":{"line":91,"column":4}},"27":{"start":{"line":93,"column":31},"end":{"line":99,"column":4}},"28":{"start":{"line":94,"column":2},"end":{"line":99,"column":4}},"29":{"start":{"line":102,"column":29},"end":{"line":106,"column":3}},"30":{"start":{"line":103,"column":2},"end":{"line":106,"column":3}},"31":{"start":{"line":104,"column":13},"end":{"line":104,"column":32}},"32":{"start":{"line":105,"column":12},"end":{"line":105,"column":53}},"33":{"start":{"line":105,"column":31},"end":{"line":105,"column":52}},"34":{"start":{"line":108,"column":33},"end":{"line":112,"column":1}},"35":{"start":{"line":109,"column":11},"end":{"line":109,"column":30}},"36":{"start":{"line":110,"column":11},"end":{"line":110,"column":34}},"37":{"start":{"line":111,"column":22},"end":{"line":111,"column":60}},"38":{"start":{"line":111,"column":46},"end":{"line":111,"column":59}}},"fnMap":{"0":{"name":"(anonymous_0)","decl":{"start":{"line":14,"column":19},"end":{"line":14,"column":20}},"loc":{"start":{"line":14,"column":37},"end":{"line":16,"column":5}},"line":14},"1":{"name":"(anonymous_1)","decl":{"start":{"line":18,"column":18},"end":{"line":18,"column":19}},"loc":{"start":{"line":18,"column":36},"end":{"line":22,"column":5}},"line":18},"2":{"name":"(anonymous_2)","decl":{"start":{"line":24,"column":23},"end":{"line":24,"column":24}},"loc":{"start":{"line":24,"column":41},"end":{"line":26,"column":5}},"line":24},"3":{"name":"(anonymous_3)","decl":{"start":{"line":28,"column":23},"end":{"line":28,"column":24}},"loc":{"start":{"line":28,"column":41},"end":{"line":32,"column":5}},"line":28},"4":{"name":"(anonymous_4)","decl":{"start":{"line":30,"column":40},"end":{"line":30,"column":41}},"loc":{"start":{"line":30,"column":47},"end":{"line":30,"column":63}},"line":30},"5":{"name":"(anonymous_5)","decl":{"start":{"line":35,"column":14},"end":{"line":35,"column":15}},"loc":{"start":{"line":35,"column":32},"end":{"line":37,"column":5}},"line":35},"6":{"name":"(anonymous_6)","decl":{"start":{"line":40,"column":17},"end":{"line":40,"column":18}},"loc":{"start":{"line":40,"column":35},"end":{"line":43,"column":5}},"line":40},"7":{"name":"(anonymous_7)","decl":{"start":{"line":41,"column":40},"end":{"line":41,"column":41}},"loc":{"start":{"line":41,"column":47},"end":{"line":41,"column":75}},"line":41},"8":{"name":"(anonymous_8)","decl":{"start":{"line":60,"column":24},"end":{"line":60,"column":25}},"loc":{"start":{"line":60,"column":30},"end":{"line":74,"column":1}},"line":60},"9":{"name":"(anonymous_9)","decl":{"start":{"line":60,"column":30},"end":{"line":60,"column":31}},"loc":{"start":{"line":60,"column":54},"end":{"line":74,"column":1}},"line":60},"10":{"name":"(anonymous_10)","decl":{"start":{"line":76,"column":22},"end":{"line":76,"column":23}},"loc":{"start":{"line":77,"column":2},"end":{"line":82,"column":4}},"line":77},"11":{"name":"(anonymous_11)","decl":{"start":{"line":84,"column":26},"end":{"line":84,"column":27}},"loc":{"start":{"line":85,"column":2},"end":{"line":91,"column":4}},"line":85},"12":{"name":"(anonymous_12)","decl":{"start":{"line":93,"column":31},"end":{"line":93,"column":32}},"loc":{"start":{"line":94,"column":2},"end":{"line":99,"column":4}},"line":94},"13":{"name":"(anonymous_13)","decl":{"start":{"line":102,"column":29},"end":{"line":102,"column":30}},"loc":{"start":{"line":103,"column":2},"end":{"line":106,"column":3}},"line":103},"14":{"name":"(anonymous_14)","decl":{"start":{"line":104,"column":4},"end":{"line":104,"column":5}},"loc":{"start":{"line":104,"column":13},"end":{"line":104,"column":32}},"line":104},"15":{"name":"(anonymous_15)","decl":{"start":{"line":105,"column":4},"end":{"line":105,"column":5}},"loc":{"start":{"line":105,"column":12},"end":{"line":105,"column":53}},"line":105},"16":{"name":"(anonymous_16)","decl":{"start":{"line":105,"column":24},"end":{"line":105,"column":25}},"loc":{"start":{"line":105,"column":31},"end":{"line":105,"column":52}},"line":105},"17":{"name":"(anonymous_17)","decl":{"start":{"line":109,"column":2},"end":{"line":109,"column":3}},"loc":{"start":{"line":109,"column":11},"end":{"line":109,"column":30}},"line":109},"18":{"name":"(anonymous_18)","decl":{"start":{"line":110,"column":2},"end":{"line":110,"column":3}},"loc":{"start":{"line":110,"column":11},"end":{"line":110,"column":34}},"line":110},"19":{"name":"(anonymous_19)","decl":{"start":{"line":111,"column":2},"end":{"line":111,"column":3}},"loc":{"start":{"line":111,"column":22},"end":{"line":111,"column":60}},"line":111},"20":{"name":"(anonymous_20)","decl":{"start":{"line":111,"column":39},"end":{"line":111,"column":40}},"loc":{"start":{"line":111,"column":46},"end":{"line":111,"column":59}},"line":111}},"branchMap":{"0":{"loc":{"start":{"line":64,"column":2},"end":{"line":64,"column":33}},"type":"if","locations":[{"start":{"line":64,"column":2},"end":{"line":64,"column":33}},{"start":{},"end":{}}],"line":64}},"s":{"0":1,"1":5,"2":2,"3":2,"4":2,"5":3,"6":0,"7":0,"8":0,"9":0,"10":3,"11":1,"12":1,"13":1,"14":1,"15":1,"16":1,"17":6,"18":6,"19":6,"20":6,"21":1,"22":5,"23":1,"24":4,"25":1,"26":2,"27":1,"28":0,"29":1,"30":0,"31":0,"32":0,"33":0,"34":1,"35":1,"36":1,"37":1,"38":3},"f":{"0":5,"1":2,"2":3,"3":0,"4":0,"5":3,"6":1,"7":1,"8":6,"9":6,"10":4,"11":2,"12":0,"13":0,"14":0,"15":0,"16":0,"17":1,"18":1,"19":1,"20":3},"b":{"0":[1,5]},"_coverageSchema":"1a1c01bbd47fc00a2c39e90264f33305004495a9","hash":"fd8cdc7597662723021a958e1cf26fcb66bb37df"}
,"C:\\Users\\HP\\IdeaProjects\\Redux-Start_Backend and_FrontEnd\\redux-starter\\redux-starter\\src\\store\\configureStore.js": {"path":"C:\\Users\\HP\\IdeaProjects\\Redux-Start_Backend and_FrontEnd\\redux-starter\\redux-starter\\src\\store\\configureStore.js","statementMap":{"0":{"start":{"line":8,"column":2},"end":{"line":14,"column":3}}},"fnMap":{"0":{"name":"(anonymous_0)","decl":{"start":{"line":7,"column":15},"end":{"line":7,"column":16}},"loc":{"start":{"line":7,"column":27},"end":{"line":15,"column":1}},"line":7}},"branchMap":{},"s":{"0":11},"f":{"0":11},"b":{},"_coverageSchema":"1a1c01bbd47fc00a2c39e90264f33305004495a9","hash":"a99e6d7442016a64e04be8cd76151f8b3f0d4a2f"}
,"C:\\Users\\HP\\IdeaProjects\\Redux-Start_Backend and_FrontEnd\\redux-starter\\redux-starter\\src\\store\\entities.js": {"path":"C:\\Users\\HP\\IdeaProjects\\Redux-Start_Backend and_FrontEnd\\redux-starter\\redux-starter\\src\\store\\entities.js","statementMap":{},"fnMap":{},"branchMap":{},"s":{},"f":{},"b":{},"_coverageSchema":"1a1c01bbd47fc00a2c39e90264f33305004495a9","hash":"b1fdc8444fe117f7dc8d3909ce236d42dcd78b20"}
,"C:\\Users\\HP\\IdeaProjects\\Redux-Start_Backend and_FrontEnd\\redux-starter\\redux-starter\\src\\store\\projects.js": {"path":"C:\\Users\\HP\\IdeaProjects\\Redux-Start_Backend and_FrontEnd\\redux-starter\\redux-starter\\src\\store\\projects.js","statementMap":{"0":{"start":{"line":3,"column":16},"end":{"line":3,"column":17}},"1":{"start":{"line":5,"column":14},"end":{"line":17,"column":2}},"2":{"start":{"line":10,"column":6},"end":{"line":14,"column":9}},"3":{"start":{"line":18,"column":31},"end":{"line":18,"column":44}}},"fnMap":{"0":{"name":"(anonymous_0)","decl":{"start":{"line":9,"column":18},"end":{"line":9,"column":19}},"loc":{"start":{"line":9,"column":41},"end":{"line":15,"column":5}},"line":9}},"branchMap":{},"s":{"0":1,"1":1,"2":0,"3":1},"f":{"0":0},"b":{},"_coverageSchema":"1a1c01bbd47fc00a2c39e90264f33305004495a9","hash":"e76af604a526a75acb22ec617ccc8da020766df2"}
,"C:\\Users\\HP\\IdeaProjects\\Redux-Start_Backend and_FrontEnd\\redux-starter\\redux-starter\\src\\store\\reducer.js": {"path":"C:\\Users\\HP\\IdeaProjects\\Redux-Start_Backend and_FrontEnd\\redux-starter\\redux-starter\\src\\store\\reducer.js","statementMap":{},"fnMap":{},"branchMap":{},"s":{},"f":{},"b":{},"_coverageSchema":"1a1c01bbd47fc00a2c39e90264f33305004495a9","hash":"44ff8ad2ea1960cc115891dd37360186b6860c73"}
,"C:\\Users\\HP\\IdeaProjects\\Redux-Start_Backend and_FrontEnd\\redux-starter\\redux-starter\\src\\store\\users.js": {"path":"C:\\Users\\HP\\IdeaProjects\\Redux-Start_Backend and_FrontEnd\\redux-starter\\redux-starter\\src\\store\\users.js","statementMap":{"0":{"start":{"line":3,"column":13},"end":{"line":3,"column":14}},"1":{"start":{"line":4,"column":14},"end":{"line":16,"column":2}},"2":{"start":{"line":9,"column":6},"end":{"line":13,"column":9}},"3":{"start":{"line":17,"column":28},"end":{"line":17,"column":41}}},"fnMap":{"0":{"name":"(anonymous_0)","decl":{"start":{"line":8,"column":15},"end":{"line":8,"column":16}},"loc":{"start":{"line":8,"column":35},"end":{"line":14,"column":5}},"line":8}},"branchMap":{},"s":{"0":1,"1":1,"2":0,"3":1},"f":{"0":0},"b":{},"_coverageSchema":"1a1c01bbd47fc00a2c39e90264f33305004495a9","hash":"7dc44763ba3489dd27e1a6bb263c423d10c8adb0"}
,"C:\\Users\\HP\\IdeaProjects\\Redux-Start_Backend and_FrontEnd\\redux-starter\\redux-starter\\src\\store\\middleware\\api.js": {"path":"C:\\Users\\HP\\IdeaProjects\\Redux-Start_Backend and_FrontEnd\\redux-starter\\redux-starter\\src\\store\\middleware\\api.js","statementMap":{"0":{"start":{"line":4,"column":12},"end":{"line":30,"column":1}},"1":{"start":{"line":4,"column":30},"end":{"line":30,"column":1}},"2":{"start":{"line":4,"column":38},"end":{"line":30,"column":1}},"3":{"start":{"line":5,"column":2},"end":{"line":5,"column":69}},"4":{"start":{"line":5,"column":49},"end":{"line":5,"column":69}},"5":{"start":{"line":7,"column":61},"end":{"line":7,"column":75}},"6":{"start":{"line":9,"column":2},"end":{"line":9,"column":43}},"7":{"start":{"line":9,"column":15},"end":{"line":9,"column":43}},"8":{"start":{"line":11,"column":2},"end":{"line":11,"column":15}},"9":{"start":{"line":13,"column":2},"end":{"line":29,"column":3}},"10":{"start":{"line":14,"column":21},"end":{"line":19,"column":6}},"11":{"start":{"line":21,"column":4},"end":{"line":21,"column":52}},"12":{"start":{"line":23,"column":4},"end":{"line":23,"column":73}},"13":{"start":{"line":23,"column":19},"end":{"line":23,"column":73}},"14":{"start":{"line":26,"column":4},"end":{"line":26,"column":51}},"15":{"start":{"line":28,"column":4},"end":{"line":28,"column":69}},"16":{"start":{"line":28,"column":17},"end":{"line":28,"column":69}}},"fnMap":{"0":{"name":"(anonymous_0)","decl":{"start":{"line":4,"column":12},"end":{"line":4,"column":13}},"loc":{"start":{"line":4,"column":30},"end":{"line":30,"column":1}},"line":4},"1":{"name":"(anonymous_1)","decl":{"start":{"line":4,"column":30},"end":{"line":4,"column":31}},"loc":{"start":{"line":4,"column":38},"end":{"line":30,"column":1}},"line":4},"2":{"name":"(anonymous_2)","decl":{"start":{"line":4,"column":38},"end":{"line":4,"column":39}},"loc":{"start":{"line":4,"column":54},"end":{"line":30,"column":1}},"line":4}},"branchMap":{"0":{"loc":{"start":{"line":5,"column":2},"end":{"line":5,"column":69}},"type":"if","locations":[{"start":{"line":5,"column":2},"end":{"line":5,"column":69}},{"start":{},"end":{}}],"line":5},"1":{"loc":{"start":{"line":9,"column":2},"end":{"line":9,"column":43}},"type":"if","locations":[{"start":{"line":9,"column":2},"end":{"line":9,"column":43}},{"start":{},"end":{}}],"line":9},"2":{"loc":{"start":{"line":23,"column":4},"end":{"line":23,"column":73}},"type":"if","locations":[{"start":{"line":23,"column":4},"end":{"line":23,"column":73}},{"start":{},"end":{}}],"line":23},"3":{"loc":{"start":{"line":28,"column":4},"end":{"line":28,"column":69}},"type":"if","locations":[{"start":{"line":28,"column":4},"end":{"line":28,"column":69}},{"start":{},"end":{}}],"line":28}},"s":{"0":1,"1":11,"2":11,"3":36,"4":25,"5":11,"6":11,"7":5,"8":11,"9":11,"10":11,"11":6,"12":6,"13":6,"14":5,"15":5,"16":3},"f":{"0":11,"1":11,"2":36},"b":{"0":[25,11],"1":[5,6],"2":[6,0],"3":[3,2]},"_coverageSchema":"1a1c01bbd47fc00a2c39e90264f33305004495a9","hash":"6d521bbfcbeb53e0fd3cde195df8d836c1f0e234"}
,"C:\\Users\\HP\\IdeaProjects\\Redux-Start_Backend and_FrontEnd\\redux-starter\\redux-starter\\src\\store\\middleware\\logger.js": {"path":"C:\\Users\\HP\\IdeaProjects\\Redux-Start_Backend and_FrontEnd\\redux-starter\\redux-starter\\src\\store\\middleware\\logger.js","statementMap":{"0":{"start":{"line":1,"column":15},"end":{"line":5,"column":1}},"1":{"start":{"line":1,"column":24},"end":{"line":5,"column":1}},"2":{"start":{"line":1,"column":33},"end":{"line":5,"column":1}},"3":{"start":{"line":1,"column":41},"end":{"line":5,"column":1}},"4":{"start":{"line":2,"column":2},"end":{"line":2,"column":32}},"5":{"start":{"line":3,"column":2},"end":{"line":3,"column":22}}},"fnMap":{"0":{"name":"(anonymous_0)","decl":{"start":{"line":1,"column":15},"end":{"line":1,"column":16}},"loc":{"start":{"line":1,"column":24},"end":{"line":5,"column":1}},"line":1},"1":{"name":"(anonymous_1)","decl":{"start":{"line":1,"column":24},"end":{"line":1,"column":25}},"loc":{"start":{"line":1,"column":33},"end":{"line":5,"column":1}},"line":1},"2":{"name":"(anonymous_2)","decl":{"start":{"line":1,"column":33},"end":{"line":1,"column":34}},"loc":{"start":{"line":1,"column":41},"end":{"line":5,"column":1}},"line":1},"3":{"name":"(anonymous_3)","decl":{"start":{"line":1,"column":41},"end":{"line":1,"column":42}},"loc":{"start":{"line":1,"column":51},"end":{"line":5,"column":1}},"line":1}},"branchMap":{},"s":{"0":1,"1":0,"2":0,"3":0,"4":0,"5":0},"f":{"0":0,"1":0,"2":0,"3":0},"b":{},"_coverageSchema":"1a1c01bbd47fc00a2c39e90264f33305004495a9","hash":"c9a0dc28e9027cd59706e0ac199e6f3fcd57933f"}
,"C:\\Users\\HP\\IdeaProjects\\Redux-Start_Backend and_FrontEnd\\redux-starter\\redux-starter\\src\\store\\middleware\\toast.js": {"path":"C:\\Users\\HP\\IdeaProjects\\Redux-Start_Backend and_FrontEnd\\redux-starter\\redux-starter\\src\\store\\middleware\\toast.js","statementMap":{"0":{"start":{"line":1,"column":14},"end":{"line":6,"column":1}},"1":{"start":{"line":1,"column":23},"end":{"line":6,"column":1}},"2":{"start":{"line":1,"column":31},"end":{"line":6,"column":1}},"3":{"start":{"line":2,"column":4},"end":{"line":4,"column":29}},"4":{"start":{"line":3,"column":4},"end":{"line":3,"column":52}},"5":{"start":{"line":4,"column":9},"end":{"line":4,"column":29}}},"fnMap":{"0":{"name":"(anonymous_0)","decl":{"start":{"line":1,"column":14},"end":{"line":1,"column":15}},"loc":{"start":{"line":1,"column":23},"end":{"line":6,"column":1}},"line":1},"1":{"name":"(anonymous_1)","decl":{"start":{"line":1,"column":23},"end":{"line":1,"column":24}},"loc":{"start":{"line":1,"column":31},"end":{"line":6,"column":1}},"line":1},"2":{"name":"(anonymous_2)","decl":{"start":{"line":1,"column":31},"end":{"line":1,"column":32}},"loc":{"start":{"line":1,"column":40},"end":{"line":6,"column":1}},"line":1}},"branchMap":{"0":{"loc":{"start":{"line":2,"column":4},"end":{"line":4,"column":29}},"type":"if","locations":[{"start":{"line":2,"column":4},"end":{"line":4,"column":29}},{"start":{"line":4,"column":9},"end":{"line":4,"column":29}}],"line":2}},"s":{"0":1,"1":11,"2":11,"3":36,"4":0,"5":36},"f":{"0":11,"1":11,"2":36},"b":{"0":[0,36]},"_coverageSchema":"1a1c01bbd47fc00a2c39e90264f33305004495a9","hash":"f263ed2ffd633f3fc2894300b4f1f539c692de25"}
}
