TN:
SF:src\math.js
FN:1,(anonymous_0)
FNF:1
FNH:1
FNDA:2,(anonymous_0)
DA:1,2
LF:1
LH:1
BRF:0
BRH:0
end_of_record
TN:
SF:src\store\api.js
FNF:0
FNH:0
DA:3,1
DA:4,1
DA:5,1
LF:3
LH:3
BRF:0
BRH:0
end_of_record
TN:
SF:src\store\bugs.js
FN:14,(anonymous_0)
FN:18,(anonymous_1)
FN:24,(anonymous_2)
FN:28,(anonymous_3)
FN:30,(anonymous_4)
FN:35,(anonymous_5)
FN:40,(anonymous_6)
FN:41,(anonymous_7)
FN:60,(anonymous_8)
FN:60,(anonymous_9)
FN:76,(anonymous_10)
FN:84,(anonymous_11)
FN:93,(anonymous_12)
FN:102,(anonymous_13)
FN:104,(anonymous_14)
FN:105,(anonymous_15)
FN:105,(anonymous_16)
FN:109,(anonymous_17)
FN:110,(anonymous_18)
FN:111,(anonymous_19)
FN:111,(anonymous_20)
FNF:21
FNH:14
FNDA:5,(anonymous_0)
FNDA:2,(anonymous_1)
FNDA:3,(anonymous_2)
FNDA:0,(anonymous_3)
FNDA:0,(anonymous_4)
FNDA:3,(anonymous_5)
FNDA:1,(anonymous_6)
FNDA:1,(anonymous_7)
FNDA:6,(anonymous_8)
FNDA:6,(anonymous_9)
FNDA:4,(anonymous_10)
FNDA:2,(anonymous_11)
FNDA:0,(anonymous_12)
FNDA:0,(anonymous_13)
FNDA:0,(anonymous_14)
FNDA:0,(anonymous_15)
FNDA:0,(anonymous_16)
FNDA:1,(anonymous_17)
FNDA:1,(anonymous_18)
FNDA:1,(anonymous_19)
FNDA:3,(anonymous_20)
DA:6,1
DA:15,5
DA:19,2
DA:20,2
DA:21,2
DA:25,3
DA:29,0
DA:30,0
DA:31,0
DA:36,3
DA:41,1
DA:42,1
DA:54,1
DA:58,1
DA:60,6
DA:61,6
DA:63,6
DA:64,6
DA:66,5
DA:76,1
DA:77,4
DA:84,1
DA:85,2
DA:93,1
DA:94,0
DA:102,1
DA:103,0
DA:104,0
DA:105,0
DA:108,1
DA:109,1
DA:110,1
DA:111,3
LF:33
LH:26
BRDA:64,0,0,1
BRDA:64,0,1,5
BRF:2
BRH:2
end_of_record
TN:
SF:src\store\configureStore.js
FN:7,(anonymous_0)
FNF:1
FNH:1
FNDA:11,(anonymous_0)
DA:8,11
LF:1
LH:1
BRF:0
BRH:0
end_of_record
TN:
SF:src\store\entities.js
FNF:0
FNH:0
LF:0
LH:0
BRF:0
BRH:0
end_of_record
TN:
SF:src\store\projects.js
FN:9,(anonymous_0)
FNF:1
FNH:0
FNDA:0,(anonymous_0)
DA:3,1
DA:5,1
DA:10,0
DA:18,1
LF:4
LH:3
BRF:0
BRH:0
end_of_record
TN:
SF:src\store\reducer.js
FNF:0
FNH:0
LF:0
LH:0
BRF:0
BRH:0
end_of_record
TN:
SF:src\store\users.js
FN:8,(anonymous_0)
FNF:1
FNH:0
FNDA:0,(anonymous_0)
DA:3,1
DA:4,1
DA:9,0
DA:17,1
LF:4
LH:3
BRF:0
BRH:0
end_of_record
TN:
SF:src\store\middleware\api.js
FN:4,(anonymous_0)
FN:4,(anonymous_1)
FN:4,(anonymous_2)
FNF:3
FNH:3
FNDA:11,(anonymous_0)
FNDA:11,(anonymous_1)
FNDA:36,(anonymous_2)
DA:4,11
DA:5,36
DA:7,11
DA:9,11
DA:11,11
DA:13,11
DA:14,11
DA:21,6
DA:23,6
DA:26,5
DA:28,5
LF:11
LH:11
BRDA:5,0,0,25
BRDA:5,0,1,11
BRDA:9,1,0,5
BRDA:9,1,1,6
BRDA:23,2,0,6
BRDA:23,2,1,0
BRDA:28,3,0,3
BRDA:28,3,1,2
BRF:8
BRH:7
end_of_record
TN:
SF:src\store\middleware\logger.js
FN:1,(anonymous_0)
FN:1,(anonymous_1)
FN:1,(anonymous_2)
FN:1,(anonymous_3)
FNF:4
FNH:0
FNDA:0,(anonymous_0)
FNDA:0,(anonymous_1)
FNDA:0,(anonymous_2)
FNDA:0,(anonymous_3)
DA:1,1
DA:2,0
DA:3,0
LF:3
LH:1
BRF:0
BRH:0
end_of_record
TN:
SF:src\store\middleware\toast.js
FN:1,(anonymous_0)
FN:1,(anonymous_1)
FN:1,(anonymous_2)
FNF:3
FNH:3
FNDA:11,(anonymous_0)
FNDA:11,(anonymous_1)
FNDA:36,(anonymous_2)
DA:1,11
DA:2,36
DA:3,0
DA:4,36
LF:4
LH:3
BRDA:2,0,0,0
BRDA:2,0,1,36
BRF:2
BRH:1
end_of_record
